edp INFO EDP WebServer start, http://192.168.1.120:8848
edp INFO root = [/Users/liyinan/dev/whatever/app], listen = [8848] 
Checking edp update......
info trying registry request attempt 1 at 19:13:20
http GET https://registry.npmjs.org/edp
http 304 https://registry.npmjs.org/edp
=.= The latest edp version is `1.0.0`, please update your edp use `npm update -g edp`
edp INFO EDP WebServer start, http://192.168.1.120:8848
edp INFO root = [/Users/liyinan/dev/whatever/app], listen = [8848] 
edp INFO EDP WebServer start, http://192.168.1.120:8848
edp INFO root = [/Users/liyinan/dev/whatever/app], listen = [8848] 
Checking edp update......
info trying registry request attempt 1 at 21:38:17
http GET https://registry.npmjs.org/edp
http 304 https://registry.npmjs.org/edp
=.= The latest edp version is `1.0.0`, please update your edp use `npm update -g edp`
edp INFO EDP WebServer start, http://192.168.1.120:8848
edp INFO root = [/Users/liyinan/dev/whatever/app], listen = [8848] 

events.js:72
        throw er; // Unhandled 'error' event
              ^
Error: listen EADDRINUSE
    at errnoException (net.js:904:11)
    at Server._listen2 (net.js:1042:14)
    at listen (net.js:1064:10)
    at Server.listen (net.js:1138:5)
    at Object.module.exports [as start] (/usr/local/lib/node_modules/edp/node_modules/edp-webserver/lib/start.js:33:12)
    at Object.cli.main (/usr/local/lib/node_modules/edp/lib/webserver/start.js:123:12)
    at Object.exports.parse (/usr/local/lib/node_modules/edp/lib/cli.js:382:23)
    at Object.<anonymous> (/usr/local/lib/node_modules/edp/bin/edp-cli:4:5)
    at Module._compile (module.js:456:26)
    at Object.Module._extensions..js (module.js:474:10)
edp INFO EDP WebServer start, http://192.168.1.120:8848
edp INFO root = [/Users/liyinan/dev/whatever/app], listen = [8848] 
edp INFO EDP WebServer start, http://192.168.1.120:8848
edp INFO root = [/Users/liyinan/dev/whatever/app], listen = [8848] 
Checking edp update......
info trying registry request attempt 1 at 12:09:17
http GET https://registry.npmjs.org/edp
http 304 https://registry.npmjs.org/edp
=.= The latest edp version is `1.0.1`, please update your edp use `npm update -g edp`
edp INFO EDP WebServer start, http://192.168.1.120:8848
edp INFO root = [/Users/liyinan/dev/whatever/app], listen = [8848] 
edp INFO EDP WebServer start, http://192.168.1.120:8848
edp INFO root = [/Users/liyinan/dev/whatever/app], listen = [8848] 
Checking edp update......
info trying registry request attempt 1 at 13:34:06
http GET https://registry.npmjs.org/edp
info retry will retry, error on last attempt: Error: getaddrinfo ENOTFOUND
info trying registry request attempt 2 at 13:34:20
http GET https://registry.npmjs.org/edp
info retry will retry, error on last attempt: Error: getaddrinfo ENOTFOUND
info trying registry request attempt 3 at 13:35:20
http GET https://registry.npmjs.org/edp
http 304 https://registry.npmjs.org/edp
=.= The latest edp version is `1.0.1`, please update your edp use `npm update -g edp`
edp INFO EDP WebServer start, http://192.168.1.120:8848
edp INFO root = [/Users/liyinan/dev/whatever/app], listen = [8848] 
Checking edp update......
info trying registry request attempt 1 at 18:05:20
http GET https://registry.npmjs.org/edp
http 304 https://registry.npmjs.org/edp
=.= The latest edp version is `1.0.1`, please update your edp use `npm update -g edp`
edp INFO EDP WebServer start, http://192.168.1.120:8848
edp INFO root = [/Users/liyinan/dev/whatever/app], listen = [8848] 
Checking edp update......
info trying registry request attempt 1 at 23:39:21
http GET https://registry.npmjs.org/edp
http 304 https://registry.npmjs.org/edp
=.= The latest edp version is `1.0.1`, please update your edp use `npm update -g edp`
edp INFO EDP WebServer start, http://192.168.1.120:8848
edp INFO root = [/Users/liyinan/dev/whatever/app], listen = [8848] 
Checking edp update......
info trying registry request attempt 1 at 11:48:39
http GET https://registry.npmjs.org/edp
http 304 https://registry.npmjs.org/edp
=.= The latest edp version is `1.0.1`, please update your edp use `npm update -g edp`
edp INFO EDP WebServer start, http://192.168.1.120:8848
edp INFO root = [/Users/liyinan/dev/whatever/app], listen = [8848] 
edp INFO EDP WebServer start, http://192.168.1.120:8848
edp INFO root = [/Users/liyinan/dev/whatever/app], listen = [8848] 
Checking edp update......

events.js:72
        throw er; // Unhandled 'error' event
              ^
Error: listen EADDRINUSE
    at errnoException (net.js:904:11)
    at Server._listen2 (net.js:1042:14)
    at listen (net.js:1064:10)
    at Server.listen (net.js:1138:5)
    at Object.module.exports [as start] (/usr/local/lib/node_modules/edp/node_modules/edp-webserver/lib/start.js:33:12)
    at Object.cli.main (/usr/local/lib/node_modules/edp/lib/webserver/start.js:123:12)
    at Object.exports.parse (/usr/local/lib/node_modules/edp/lib/cli.js:382:23)
    at Object.<anonymous> (/usr/local/lib/node_modules/edp/bin/edp-cli:4:5)
    at Module._compile (module.js:456:26)
    at Object.Module._extensions..js (module.js:474:10)
